
> bittrade-trading-app@1.0.0 start
> node server/index.js

Initializing services...
Ignoring invalid configuration option passed to Connection: acquireTimeout. This is currently a warning, but in future versions of MySQL2, an error will be thrown if you pass an invalid configuration option to a Connection
Ignoring invalid configuration option passed to Connection: timeout. This is currently a warning, but in future versions of MySQL2, an error will be thrown if you pass an invalid configuration option to a Connection
Database pool created successfully
✓ Database pool created
Redis client connected
Redis client ready
✓ Redis connected
Starting price update service...
Fetching BTC price...
Price updates scheduled every 30 seconds
✓ Price service started
All services initialized successfully

🚀 ₿itTrade Server running on port 3001
📊 API Base URL: http://localhost:3001/api
🏥 Health Check: http://localhost:3001/health
🔧 Environment: Development

📈 Ready to trade Bitcoin!

BTC price updated: $107,481
Fetching BTC price...
BTC price updated: $107,453
Fetching BTC price...
BTC price updated: $107,453
Fetching BTC price...
BTC price updated: $107,453
Fetching BTC price...
BTC price updated: $107,451
Fetching BTC price...
BTC price updated: $107,451
Fetching BTC price...
BTC price updated: $107,446
Fetching BTC price...
BTC price updated: $107,446
Fetching BTC price...
BTC price updated: $107,446
Fetching BTC price...
BTC price updated: $107,426
Fetching BTC price...
BTC price updated: $107,426
Fetching BTC price...
BTC price updated: $107,400
Fetching BTC price...
BTC price updated: $107,400
Fetching BTC price...
BTC price updated: $107,400
Fetching BTC price...
BTC price updated: $107,384
Fetching BTC price...
BTC price updated: $107,384
Fetching BTC price...
BTC price updated: $107,384
Fetching BTC price...
BTC price updated: $107,374
Fetching BTC price...
BTC price updated: $107,374
Fetching BTC price...
BTC price updated: $107,357
Fetching BTC price...
BTC price updated: $107,357
Fetching BTC price...
BTC price updated: $107,349
Fetching BTC price...
BTC price updated: $107,349
Fetching BTC price...
BTC price updated: $107,350
Fetching BTC price...
BTC price updated: $107,350
Fetching BTC price...
BTC price updated: $107,350
Fetching BTC price...
BTC price updated: $107,339
Fetching BTC price...
BTC price updated: $107,339
Fetching BTC price...
BTC price updated: $107,339
Fetching BTC price...
BTC price updated: $107,323
Fetching BTC price...
BTC price updated: $107,304
Fetching BTC price...
BTC price updated: $107,304
Fetching BTC price...
BTC price updated: $107,304
Fetching BTC price...
BTC price updated: $107,290
Fetching BTC price...
BTC price updated: $107,290
Fetching BTC price...
BTC price updated: $107,290
Fetching BTC price...
BTC price updated: $107,295
Fetching BTC price...
BTC price updated: $107,295
Fetching BTC price...
BTC price updated: $107,295
Fetching BTC price...
BTC price updated: $107,295
Fetching BTC price...
BTC price updated: $107,310
Fetching BTC price...
BTC price updated: $107,310
Fetching BTC price...
BTC price updated: $107,310
Fetching BTC price...
BTC price updated: $107,310
Fetching BTC price...
BTC price updated: $107,310
Fetching BTC price...
BTC price updated: $107,302
Fetching BTC price...
BTC price updated: $107,302
Fetching BTC price...
BTC price updated: $107,302
Fetching BTC price...
BTC price updated: $107,291
Fetching BTC price...
BTC price updated: $107,291
Fetching BTC price...
BTC price updated: $107,283
Fetching BTC price...
BTC price updated: $107,289
Fetching BTC price...
BTC price updated: $107,293
Fetching BTC price...
BTC price updated: $107,293
Fetching BTC price...
BTC price updated: $107,293
Fetching BTC price...
BTC price updated: $107,294
Fetching BTC price...
BTC price updated: $107,294
Fetching BTC price...
BTC price updated: $107,297
Fetching BTC price...
BTC price updated: $107,308
Fetching BTC price...
BTC price updated: $107,308
Fetching BTC price...
BTC price updated: $107,308
Fetching BTC price...
BTC price updated: $107,311
Fetching BTC price...
BTC price updated: $107,311
Fetching BTC price...
BTC price updated: $107,311
Fetching BTC price...
BTC price updated: $107,299
Fetching BTC price...
BTC price updated: $107,299
Fetching BTC price...
BTC price updated: $107,299
Fetching BTC price...
BTC price updated: $107,299
Fetching BTC price...
BTC price updated: $107,273
Fetching BTC price...
BTC price updated: $107,269
Fetching BTC price...
BTC price updated: $107,273
Fetching BTC price...
BTC price updated: $107,277
Fetching BTC price...
BTC price updated: $107,277
Fetching BTC price...
BTC price updated: $107,277
Fetching BTC price...
BTC price updated: $107,279
Fetching BTC price...
BTC price updated: $107,279
Fetching BTC price...
BTC price updated: $107,279
Fetching BTC price...
BTC price updated: $107,283
Fetching BTC price...
BTC price updated: $107,283
Fetching BTC price...
BTC price updated: $107,283
Fetching BTC price...
BTC price updated: $107,290
Fetching BTC price...
BTC price updated: $107,290
Fetching BTC price...
BTC price updated: $107,309
Fetching BTC price...
BTC price updated: $107,309
Fetching BTC price...
BTC price updated: $107,347
Fetching BTC price...
BTC price updated: $107,347
Fetching BTC price...
BTC price updated: $107,360
Fetching BTC price...
BTC price updated: $107,360
Fetching BTC price...
BTC price updated: $107,368
Fetching BTC price...
BTC price updated: $107,380
Fetching BTC price...
BTC price updated: $107,380
Fetching BTC price...
BTC price updated: $107,390
Fetching BTC price...
BTC price updated: $107,390
Fetching BTC price...
BTC price updated: $107,390
Fetching BTC price...
BTC price updated: $107,396
Fetching BTC price...
BTC price updated: $107,396
Fetching BTC price...
BTC price updated: $107,398
Fetching BTC price...
BTC price updated: $107,396
Fetching BTC price...
BTC price updated: $107,398
Fetching BTC price...
BTC price updated: $107,396
Fetching BTC price...
BTC price updated: $107,384
Fetching BTC price...
BTC price updated: $107,364
Fetching BTC price...
Error fetching BTC price from CoinGecko: timeout of 10000ms exceeded
Error updating BTC price: timeout of 10000ms exceeded
Using cached/last known price: $107,364
Fetching BTC price...
BTC price updated: $107,364
Fetching BTC price...
BTC price updated: $107,368
Fetching BTC price...
BTC price updated: $107,368
Fetching BTC price...
BTC price updated: $107,368
Fetching BTC price...
BTC price updated: $107,394
Fetching BTC price...
BTC price updated: $107,394
Fetching BTC price...
BTC price updated: $107,405
Fetching BTC price...
BTC price updated: $107,405
Fetching BTC price...
BTC price updated: $107,405
Fetching BTC price...
BTC price updated: $107,429
Fetching BTC price...
BTC price updated: $107,435
Fetching BTC price...
BTC price updated: $107,435
Fetching BTC price...
BTC price updated: $107,435
Fetching BTC price...
BTC price updated: $107,449
Fetching BTC price...
BTC price updated: $107,449
Fetching BTC price...
BTC price updated: $107,464
Fetching BTC price...
BTC price updated: $107,464
Fetching BTC price...
BTC price updated: $107,478
Fetching BTC price...
BTC price updated: $107,492
Fetching BTC price...
BTC price updated: $107,492
Fetching BTC price...
BTC price updated: $107,492
Fetching BTC price...
BTC price updated: $107,492
Fetching BTC price...
BTC price updated: $107,512
Fetching BTC price...
BTC price updated: $107,512
Fetching BTC price...
BTC price updated: $107,534
Fetching BTC price...
BTC price updated: $107,561
Fetching BTC price...
BTC price updated: $107,561
Fetching BTC price...
BTC price updated: $107,561
Fetching BTC price...
BTC price updated: $107,565
Fetching BTC price...
BTC price updated: $107,565
Fetching BTC price...
BTC price updated: $107,579
Fetching BTC price...
BTC price updated: $107,579
Fetching BTC price...
BTC price updated: $107,577
Fetching BTC price...
BTC price updated: $107,577
Fetching BTC price...
BTC price updated: $107,577
Fetching BTC price...
BTC price updated: $107,577
Fetching BTC price...
BTC price updated: $107,583
Fetching BTC price...
BTC price updated: $107,583
Fetching BTC price...
BTC price updated: $107,583
Fetching BTC price...
BTC price updated: $107,560
Fetching BTC price...
BTC price updated: $107,560
Fetching BTC price...
BTC price updated: $107,556
Fetching BTC price...
BTC price updated: $107,556
Fetching BTC price...
BTC price updated: $107,556
Fetching BTC price...
BTC price updated: $107,545
Fetching BTC price...
BTC price updated: $107,545
Fetching BTC price...
BTC price updated: $107,545
Fetching BTC price...
BTC price updated: $107,536
Fetching BTC price...
BTC price updated: $107,536
Fetching BTC price...
BTC price updated: $107,534
Fetching BTC price...
BTC price updated: $107,536
Fetching BTC price...
BTC price updated: $107,535
Fetching BTC price...
BTC price updated: $107,535
Fetching BTC price...
BTC price updated: $107,541
Fetching BTC price...
BTC price updated: $107,541
Fetching BTC price...
BTC price updated: $107,541
Fetching BTC price...
BTC price updated: $107,542
Fetching BTC price...
BTC price updated: $107,531
Fetching BTC price...
BTC price updated: $107,542
Fetching BTC price...
BTC price updated: $107,524
Fetching BTC price...
BTC price updated: $107,524
Fetching BTC price...
BTC price updated: $107,524
Fetching BTC price...
BTC price updated: $107,524
Fetching BTC price...
BTC price updated: $107,524
Fetching BTC price...
BTC price updated: $107,527
Fetching BTC price...
BTC price updated: $107,527
Fetching BTC price...
BTC price updated: $107,526
Fetching BTC price...
BTC price updated: $107,526
Fetching BTC price...
BTC price updated: $107,542
Fetching BTC price...
BTC price updated: $107,542
Fetching BTC price...
BTC price updated: $107,542
Fetching BTC price...
BTC price updated: $107,557
Fetching BTC price...
BTC price updated: $107,546
Fetching BTC price...
BTC price updated: $107,579
Fetching BTC price...
BTC price updated: $107,579
Fetching BTC price...
BTC price updated: $107,579
Fetching BTC price...
BTC price updated: $107,602
Fetching BTC price...
BTC price updated: $107,602
Fetching BTC price...
BTC price updated: $107,602
Fetching BTC price...
BTC price updated: $107,654
Fetching BTC price...
BTC price updated: $107,654
Fetching BTC price...
BTC price updated: $107,654
Fetching BTC price...
BTC price updated: $107,665
Fetching BTC price...
BTC price updated: $107,680
Fetching BTC price...
BTC price updated: $107,665
Fetching BTC price...
BTC price updated: $107,709
Fetching BTC price...
BTC price updated: $107,709
Fetching BTC price...
BTC price updated: $107,709
Fetching BTC price...
BTC price updated: $107,709
Fetching BTC price...
BTC price updated: $107,737
Fetching BTC price...
BTC price updated: $107,737
Fetching BTC price...
BTC price updated: $107,848
Fetching BTC price...
BTC price updated: $107,848
Fetching BTC price...
BTC price updated: $107,879
Fetching BTC price...
BTC price updated: $107,879
Fetching BTC price...
BTC price updated: $107,855
Fetching BTC price...
BTC price updated: $107,855
Fetching BTC price...
BTC price updated: $107,855
Fetching BTC price...
BTC price updated: $107,847
